<?xml version="1.0" encoding="UTF-8"?>
<!-- Generated by org.testng.reporters.JUnitReportReporter -->
<testsuite hostname="BindhuPrasads-PC" name="com.app.test.TestCases" tests="1" failures="0" timestamp="15 Mar 2021 10:11:04 GMT" time="11.451" errors="0">
  <testcase name="TestCase_001" time="11.451" classname="com.app.test.TestCases"/>
</testsuite> <!-- com.app.test.TestCases -->
